<?xml version="1.0" encoding="UTF-8"?>
<testng-results ignored="0" total="1" passed="0" failed="1" skipped="0">
  <reporter-output>
  </reporter-output>
  <suite started-at="2025-03-13T12:23:32 IST" name="Default suite" finished-at="2025-03-13T12:24:33 IST" duration-ms="60364">
    <groups>
    </groups>
    <test started-at="2025-03-13T12:23:32 IST" name="Default test" finished-at="2025-03-13T12:24:33 IST" duration-ms="60364">
      <class name="generalStore.GeneralStore">
        <test-method is-config="true" signature="startServer()[pri:0, instance:generalStore.GeneralStore@587e5365]" started-at="2025-03-13T12:23:28 IST" name="startServer" finished-at="2025-03-13T12:23:32 IST" duration-ms="3936" status="PASS">
          <reporter-output>
          </reporter-output>
        </test-method> <!-- startServer -->
        <test-method is-config="true" signature="launchApplication()[pri:0, instance:generalStore.GeneralStore@587e5365]" started-at="2025-03-13T12:23:32 IST" name="launchApplication" finished-at="2025-03-13T12:23:40 IST" duration-ms="7119" status="PASS">
          <reporter-output>
          </reporter-output>
        </test-method> <!-- launchApplication -->
        <test-method is-config="true" signature="login()[pri:0, instance:generalStore.GeneralStore@587e5365]" started-at="2025-03-13T12:23:40 IST" name="login" finished-at="2025-03-13T12:24:14 IST" duration-ms="34666" status="PASS">
          <reporter-output>
          </reporter-output>
        </test-method> <!-- login -->
        <test-method signature="generalStore()[pri:0, instance:generalStore.GeneralStore@587e5365]" started-at="2025-03-13T12:24:14 IST" name="generalStore" finished-at="2025-03-13T12:24:31 IST" duration-ms="16404" status="FAIL">
          <exception class="io.appium.java_client.NoSuchContextException">
            <message>
              <![CDATA[No such context found.
Build info: version: '4.13.0', revision: 'ba948ece5b*'
System info: os.name: 'Windows 10', os.arch: 'amd64', os.version: '10.0', java.version: '23.0.1'
Driver info: io.appium.java_client.android.AndroidDriver
Command: [8d5fec0f-a09a-42f2-8e33-2899a28f0f7c, switchToContext {name=}]
Capabilities {appium:automationName: UiAutomator2, appium:databaseEnabled: false, appium:desired: {automationName: UiAutomator2, deviceName: vivo_Y56_5G, platformName: ANDROID, udid: 10BD9923GG0008L}, appium:deviceApiLevel: 34, appium:deviceManufacturer: vivo, appium:deviceModel: V2311, appium:deviceName: 10BD9923GG0008L, appium:deviceScreenDensity: 440, appium:deviceScreenSize: 1080x2408, appium:deviceUDID: 10BD9923GG0008L, appium:javascriptEnabled: true, appium:locationContextEnabled: false, appium:networkConnectionEnabled: true, appium:pixelRatio: 2.75, appium:platformVersion: 14, appium:statBarHeight: 88, appium:takesScreenshot: true, appium:udid: 10BD9923GG0008L, appium:viewportRect: {height: 2320, left: 0, top: 88, width: 1080}, appium:warnings: {}, appium:webStorageEnabled: false, platformName: ANDROID}
Session ID: 8d5fec0f-a09a-42f2-8e33-2899a28f0f7c]]>
            </message>
            <full-stacktrace>
              <![CDATA[io.appium.java_client.NoSuchContextException: No such context found.
Build info: version: '4.13.0', revision: 'ba948ece5b*'
System info: os.name: 'Windows 10', os.arch: 'amd64', os.version: '10.0', java.version: '23.0.1'
Driver info: io.appium.java_client.android.AndroidDriver
Command: [8d5fec0f-a09a-42f2-8e33-2899a28f0f7c, switchToContext {name=}]
Capabilities {appium:automationName: UiAutomator2, appium:databaseEnabled: false, appium:desired: {automationName: UiAutomator2, deviceName: vivo_Y56_5G, platformName: ANDROID, udid: 10BD9923GG0008L}, appium:deviceApiLevel: 34, appium:deviceManufacturer: vivo, appium:deviceModel: V2311, appium:deviceName: 10BD9923GG0008L, appium:deviceScreenDensity: 440, appium:deviceScreenSize: 1080x2408, appium:deviceUDID: 10BD9923GG0008L, appium:javascriptEnabled: true, appium:locationContextEnabled: false, appium:networkConnectionEnabled: true, appium:pixelRatio: 2.75, appium:platformVersion: 14, appium:statBarHeight: 88, appium:takesScreenshot: true, appium:udid: 10BD9923GG0008L, appium:viewportRect: {height: 2320, left: 0, top: 88, width: 1080}, appium:warnings: {}, appium:webStorageEnabled: false, platformName: ANDROID}
Session ID: 8d5fec0f-a09a-42f2-8e33-2899a28f0f7c
at io.appium.java_client.remote.SupportsContextSwitching.context(SupportsContextSwitching.java:48)
at generalStore.GeneralStore.generalStore(GeneralStore.java:47)
at java.base/jdk.internal.reflect.DirectMethodHandleAccessor.invoke(DirectMethodHandleAccessor.java:103)
at java.base/java.lang.reflect.Method.invoke(Method.java:580)
at org.testng.internal.invokers.MethodInvocationHelper.invokeMethod(MethodInvocationHelper.java:139)
at org.testng.internal.invokers.TestInvoker.invokeMethod(TestInvoker.java:664)
at org.testng.internal.invokers.TestInvoker.invokeTestMethod(TestInvoker.java:227)
at org.testng.internal.invokers.MethodRunner.runInSequence(MethodRunner.java:50)
at org.testng.internal.invokers.TestInvoker$MethodInvocationAgent.invoke(TestInvoker.java:957)
at org.testng.internal.invokers.TestInvoker.invokeTestMethods(TestInvoker.java:200)
at org.testng.internal.invokers.TestMethodWorker.invokeTestMethods(TestMethodWorker.java:148)
at org.testng.internal.invokers.TestMethodWorker.run(TestMethodWorker.java:128)
at java.base/java.util.ArrayList.forEach(ArrayList.java:1597)
at org.testng.TestRunner.privateRun(TestRunner.java:848)
at org.testng.TestRunner.run(TestRunner.java:621)
at org.testng.SuiteRunner.runTest(SuiteRunner.java:443)
at org.testng.SuiteRunner.runSequentially(SuiteRunner.java:437)
at org.testng.SuiteRunner.privateRun(SuiteRunner.java:397)
at org.testng.SuiteRunner.run(SuiteRunner.java:336)
at org.testng.SuiteRunnerWorker.runSuite(SuiteRunnerWorker.java:52)
at org.testng.SuiteRunnerWorker.run(SuiteRunnerWorker.java:95)
at org.testng.TestNG.runSuitesSequentially(TestNG.java:1280)
at org.testng.TestNG.runSuitesLocally(TestNG.java:1200)
at org.testng.TestNG.runSuites(TestNG.java:1114)
at org.testng.TestNG.run(TestNG.java:1082)
at org.testng.remote.AbstractRemoteTestNG.run(AbstractRemoteTestNG.java:115)
at org.testng.remote.RemoteTestNG.initAndRun(RemoteTestNG.java:293)
at org.testng.remote.RemoteTestNG.main(RemoteTestNG.java:91)
Caused by: org.openqa.selenium.WebDriverException: No such context found.
Build info: version: '4.13.0', revision: 'ba948ece5b*'
System info: os.name: 'Windows 10', os.arch: 'amd64', os.version: '10.0', java.version: '23.0.1'
Driver info: io.appium.java_client.android.AndroidDriver
Command: [8d5fec0f-a09a-42f2-8e33-2899a28f0f7c, switchToContext {name=}]
Capabilities {appium:automationName: UiAutomator2, appium:databaseEnabled: false, appium:desired: {automationName: UiAutomator2, deviceName: vivo_Y56_5G, platformName: ANDROID, udid: 10BD9923GG0008L}, appium:deviceApiLevel: 34, appium:deviceManufacturer: vivo, appium:deviceModel: V2311, appium:deviceName: 10BD9923GG0008L, appium:deviceScreenDensity: 440, appium:deviceScreenSize: 1080x2408, appium:deviceUDID: 10BD9923GG0008L, appium:javascriptEnabled: true, appium:locationContextEnabled: false, appium:networkConnectionEnabled: true, appium:pixelRatio: 2.75, appium:platformVersion: 14, appium:statBarHeight: 88, appium:takesScreenshot: true, appium:udid: 10BD9923GG0008L, appium:viewportRect: {height: 2320, left: 0, top: 88, width: 1080}, appium:warnings: {}, appium:webStorageEnabled: false, platformName: ANDROID}
Session ID: 8d5fec0f-a09a-42f2-8e33-2899a28f0f7c
at java.base/jdk.internal.reflect.DirectConstructorHandleAccessor.newInstance(DirectConstructorHandleAccessor.java:62)
at java.base/java.lang.reflect.Constructor.newInstanceWithCaller(Constructor.java:501)
at java.base/java.lang.reflect.Constructor.newInstance(Constructor.java:485)
at org.openqa.selenium.remote.codec.w3c.W3CHttpResponseCodec.createException(W3CHttpResponseCodec.java:200)
at org.openqa.selenium.remote.codec.w3c.W3CHttpResponseCodec.decode(W3CHttpResponseCodec.java:133)
at org.openqa.selenium.remote.codec.w3c.W3CHttpResponseCodec.decode(W3CHttpResponseCodec.java:52)
at org.openqa.selenium.remote.HttpCommandExecutor.execute(HttpCommandExecutor.java:191)
at io.appium.java_client.remote.AppiumCommandExecutor.execute(AppiumCommandExecutor.java:250)
at org.openqa.selenium.remote.RemoteWebDriver.execute(RemoteWebDriver.java:602)
at org.openqa.selenium.remote.RemoteWebDriver.execute(RemoteWebDriver.java:675)
at io.appium.java_client.AppiumDriver.execute(AppiumDriver.java:308)
at io.appium.java_client.remote.SupportsContextSwitching.context(SupportsContextSwitching.java:45)
... 27 more
]]>
            </full-stacktrace>
          </exception> <!-- io.appium.java_client.NoSuchContextException -->
          <reporter-output>
          </reporter-output>
        </test-method> <!-- generalStore -->
        <test-method is-config="true" signature="logout()[pri:0, instance:generalStore.GeneralStore@587e5365]" started-at="2025-03-13T12:24:32 IST" name="logout" finished-at="2025-03-13T12:24:33 IST" duration-ms="740" status="PASS">
          <reporter-output>
          </reporter-output>
        </test-method> <!-- logout -->
        <test-method is-config="true" signature="stopServer()[pri:0, instance:generalStore.GeneralStore@587e5365]" started-at="2025-03-13T12:24:33 IST" name="stopServer" finished-at="2025-03-13T12:24:33 IST" duration-ms="2" status="PASS">
          <reporter-output>
          </reporter-output>
        </test-method> <!-- stopServer -->
      </class> <!-- generalStore.GeneralStore -->
    </test> <!-- Default test -->
  </suite> <!-- Default suite -->
</testng-results>
